Drill report for /home/jordi/Documents/electronics.cat/kicad/things_02/things_02.kicad_pcb
Created on Wed Mar  4 21:18:12 2020

Copper Layer Stackup:
    =============================================================
    L1 :  F.Cu                      front
    L2 :  B.Cu                      back


Drill file 'things_02-PTH.drl' contains
    plated through holes:
    =============================================================
    T1  0.40mm  0.016"  (25 holes)
    T2  0.65mm  0.026"  (2 holes)  (with 2 slots)
    T3  0.70mm  0.028"  (2 holes)  (with 2 slots)
    T4  0.76mm  0.030"  (10 holes)
    T5  0.80mm  0.031"  (2 holes)
    T6  0.95mm  0.037"  (4 holes)
    T7  1.00mm  0.039"  (30 holes)
    T8  1.52mm  0.060"  (3 holes)

    Total plated holes count 78


Drill file 'things_02-NPTH.drl' contains
    unplated through holes:
    =============================================================

    Total unplated holes count 0
